[2021-06-04 14:12:15.474] [exthost] [info] extension host started
[2021-06-04 14:12:15.524] [exthost] [info] ExtensionService#_doActivateExtension vscode.debug-auto-launch {"startup":true,"extensionId":{"value":"vscode.debug-auto-launch","_lower":"vscode.debug-auto-launch"},"activationEvent":"*"}
[2021-06-04 14:12:15.524] [exthost] [info] ExtensionService#loadCommonJSModule file:///home/nikolay/.vscode-server/bin/054a9295330880ed74ceaedda236253b4f39a335/extensions/debug-auto-launch/dist/extension
[2021-06-04 14:12:15.529] [exthost] [info] ExtensionService#_doActivateExtension vscode.git {"startup":true,"extensionId":{"value":"vscode.github","_lower":"vscode.github"},"activationEvent":"*"}
[2021-06-04 14:12:15.529] [exthost] [info] ExtensionService#loadCommonJSModule file:///home/nikolay/.vscode-server/bin/054a9295330880ed74ceaedda236253b4f39a335/extensions/git/dist/main
[2021-06-04 14:12:15.568] [exthost] [info] ExtensionService#_doActivateExtension christian-kohler.path-intellisense {"startup":true,"extensionId":{"value":"christian-kohler.path-intellisense","_lower":"christian-kohler.path-intellisense"},"activationEvent":"*"}
[2021-06-04 14:12:15.569] [exthost] [info] ExtensionService#loadCommonJSModule file:///home/nikolay/.vscode-server/extensions/christian-kohler.path-intellisense-2.3.0/out/extension.js
[2021-06-04 14:12:15.578] [exthost] [info] ExtensionService#_doActivateExtension ritwickdey.LiveServer {"startup":true,"extensionId":{"value":"ritwickdey.LiveServer","_lower":"ritwickdey.liveserver"},"activationEvent":"*"}
[2021-06-04 14:12:15.579] [exthost] [info] ExtensionService#loadCommonJSModule file:///home/nikolay/.vscode-server/extensions/ritwickdey.liveserver-5.6.1/out/src/extension
[2021-06-04 14:12:16.037] [exthost] [info] ExtensionService#_doActivateExtension vscode.github {"startup":true,"extensionId":{"value":"vscode.github","_lower":"vscode.github"},"activationEvent":"*"}
[2021-06-04 14:12:16.037] [exthost] [info] ExtensionService#loadCommonJSModule file:///home/nikolay/.vscode-server/bin/054a9295330880ed74ceaedda236253b4f39a335/extensions/github/dist/extension.js
[2021-06-04 14:12:16.065] [exthost] [info] ExtensionService#_doActivateExtension vscode.emmet {"startup":false,"extensionId":{"value":"vscode.emmet","_lower":"vscode.emmet"},"activationEvent":"onStartupFinished"}
[2021-06-04 14:12:16.065] [exthost] [info] ExtensionService#loadCommonJSModule file:///home/nikolay/.vscode-server/bin/054a9295330880ed74ceaedda236253b4f39a335/extensions/emmet/dist/node/emmetNodeMain
[2021-06-04 14:12:16.075] [exthost] [info] ExtensionService#_doActivateExtension vscode.merge-conflict {"startup":false,"extensionId":{"value":"vscode.merge-conflict","_lower":"vscode.merge-conflict"},"activationEvent":"onStartupFinished"}
[2021-06-04 14:12:16.075] [exthost] [info] ExtensionService#loadCommonJSModule file:///home/nikolay/.vscode-server/bin/054a9295330880ed74ceaedda236253b4f39a335/extensions/merge-conflict/dist/mergeConflictMain
[2021-06-04 14:12:16.077] [exthost] [info] ExtensionService#_doActivateExtension vscode.testing-editor-contributions {"startup":false,"extensionId":{"value":"vscode.testing-editor-contributions","_lower":"vscode.testing-editor-contributions"},"activationEvent":"onStartupFinished"}
[2021-06-04 14:12:16.077] [exthost] [info] ExtensionService#loadCommonJSModule file:///home/nikolay/.vscode-server/bin/054a9295330880ed74ceaedda236253b4f39a335/extensions/testing-editor-contributions/dist/extension.js
[2021-06-04 14:12:16.078] [exthost] [info] eager extensions activated
[2021-06-04 14:12:16.084] [exthost] [info] ExtensionService#_doActivateExtension ms-vscode.js-debug {"startup":false,"extensionId":{"value":"ms-vscode.js-debug","_lower":"ms-vscode.js-debug"},"activationEvent":"onCommand:extension.js-debug.clearAutoAttachVariables"}
[2021-06-04 14:12:16.084] [exthost] [info] ExtensionService#loadCommonJSModule file:///home/nikolay/.vscode-server/bin/054a9295330880ed74ceaedda236253b4f39a335/extensions/ms-vscode.js-debug/src/extension.js
[2021-06-04 14:12:22.310] [exthost] [info] ExtensionService#_doActivateExtension vscode.configuration-editing {"startup":false,"extensionId":{"value":"vscode.configuration-editing","_lower":"vscode.configuration-editing"},"activationEvent":"onLanguage:json"}
[2021-06-04 14:12:22.310] [exthost] [info] ExtensionService#loadCommonJSModule file:///home/nikolay/.vscode-server/bin/054a9295330880ed74ceaedda236253b4f39a335/extensions/configuration-editing/dist/configurationEditingMain
[2021-06-04 14:12:22.313] [exthost] [info] ExtensionService#_doActivateExtension vscode.extension-editing {"startup":false,"extensionId":{"value":"vscode.extension-editing","_lower":"vscode.extension-editing"},"activationEvent":"onLanguage:json"}
[2021-06-04 14:12:22.313] [exthost] [info] ExtensionService#loadCommonJSModule file:///home/nikolay/.vscode-server/bin/054a9295330880ed74ceaedda236253b4f39a335/extensions/extension-editing/dist/extensionEditingMain
[2021-06-04 14:12:22.330] [exthost] [info] ExtensionService#_doActivateExtension vscode.json-language-features {"startup":false,"extensionId":{"value":"vscode.json-language-features","_lower":"vscode.json-language-features"},"activationEvent":"onLanguage:json"}
[2021-06-04 14:12:22.330] [exthost] [info] ExtensionService#loadCommonJSModule file:///home/nikolay/.vscode-server/bin/054a9295330880ed74ceaedda236253b4f39a335/extensions/json-language-features/client/dist/node/jsonClientMain
[2021-06-04 14:12:22.401] [exthost] [info] ExtensionService#_doActivateExtension vscode.npm {"startup":false,"extensionId":{"value":"vscode.npm","_lower":"vscode.npm"},"activationEvent":"onLanguage:json"}
[2021-06-04 14:12:22.401] [exthost] [info] ExtensionService#loadCommonJSModule file:///home/nikolay/.vscode-server/bin/054a9295330880ed74ceaedda236253b4f39a335/extensions/npm/dist/npmMain
[2021-06-04 14:13:43.863] [exthost] [info] ExtensionService#_doActivateExtension vscode.html-language-features {"startup":false,"extensionId":{"value":"vscode.html-language-features","_lower":"vscode.html-language-features"},"activationEvent":"onLanguage:html"}
[2021-06-04 14:13:43.864] [exthost] [info] ExtensionService#loadCommonJSModule file:///home/nikolay/.vscode-server/bin/054a9295330880ed74ceaedda236253b4f39a335/extensions/html-language-features/client/dist/node/htmlClientMain
[2021-06-04 15:38:55.467] [exthost] [info] ExtensionService#_doActivateExtension vscode.typescript-language-features {"startup":false,"extensionId":{"value":"vscode.typescript-language-features","_lower":"vscode.typescript-language-features"},"activationEvent":"onLanguage:javascript"}
[2021-06-04 15:38:55.467] [exthost] [info] ExtensionService#loadCommonJSModule file:///home/nikolay/.vscode-server/bin/054a9295330880ed74ceaedda236253b4f39a335/extensions/typescript-language-features/dist/extension
[2021-06-04 17:33:25.387] [exthost] [warning] [Decorations] CAPPING events from decorations provider vscode.git 5000
