[2021-06-04 14:09:20.734] [exthost] [info] extension host started
[2021-06-04 14:09:20.850] [exthost] [info] ExtensionService#_doActivateExtension vscode.debug-auto-launch {"startup":true,"extensionId":{"value":"vscode.debug-auto-launch","_lower":"vscode.debug-auto-launch"},"activationEvent":"*"}
[2021-06-04 14:09:20.850] [exthost] [info] ExtensionService#loadCommonJSModule file:///home/nikolay/.vscode-server/bin/054a9295330880ed74ceaedda236253b4f39a335/extensions/debug-auto-launch/dist/extension
[2021-06-04 14:09:20.868] [exthost] [info] ExtensionService#_doActivateExtension vscode.git {"startup":true,"extensionId":{"value":"vscode.github","_lower":"vscode.github"},"activationEvent":"*"}
[2021-06-04 14:09:20.868] [exthost] [info] ExtensionService#loadCommonJSModule file:///home/nikolay/.vscode-server/bin/054a9295330880ed74ceaedda236253b4f39a335/extensions/git/dist/main
[2021-06-04 14:09:20.998] [exthost] [info] ExtensionService#_doActivateExtension christian-kohler.path-intellisense {"startup":true,"extensionId":{"value":"christian-kohler.path-intellisense","_lower":"christian-kohler.path-intellisense"},"activationEvent":"*"}
[2021-06-04 14:09:20.998] [exthost] [info] ExtensionService#loadCommonJSModule file:///home/nikolay/.vscode-server/extensions/christian-kohler.path-intellisense-2.3.0/out/extension.js
[2021-06-04 14:09:21.018] [exthost] [info] ExtensionService#_doActivateExtension ritwickdey.LiveServer {"startup":true,"extensionId":{"value":"ritwickdey.LiveServer","_lower":"ritwickdey.liveserver"},"activationEvent":"*"}
[2021-06-04 14:09:21.019] [exthost] [info] ExtensionService#loadCommonJSModule file:///home/nikolay/.vscode-server/extensions/ritwickdey.liveserver-5.6.1/out/src/extension
[2021-06-04 14:09:21.715] [exthost] [info] ExtensionService#_doActivateExtension vscode.github {"startup":true,"extensionId":{"value":"vscode.github","_lower":"vscode.github"},"activationEvent":"*"}
[2021-06-04 14:09:21.715] [exthost] [info] ExtensionService#loadCommonJSModule file:///home/nikolay/.vscode-server/bin/054a9295330880ed74ceaedda236253b4f39a335/extensions/github/dist/extension.js
[2021-06-04 14:09:21.822] [exthost] [info] ExtensionService#_doActivateExtension vscode.emmet {"startup":false,"extensionId":{"value":"vscode.emmet","_lower":"vscode.emmet"},"activationEvent":"onStartupFinished"}
[2021-06-04 14:09:21.822] [exthost] [info] ExtensionService#loadCommonJSModule file:///home/nikolay/.vscode-server/bin/054a9295330880ed74ceaedda236253b4f39a335/extensions/emmet/dist/node/emmetNodeMain
[2021-06-04 14:09:21.842] [exthost] [info] ExtensionService#_doActivateExtension vscode.merge-conflict {"startup":false,"extensionId":{"value":"vscode.merge-conflict","_lower":"vscode.merge-conflict"},"activationEvent":"onStartupFinished"}
[2021-06-04 14:09:21.842] [exthost] [info] ExtensionService#loadCommonJSModule file:///home/nikolay/.vscode-server/bin/054a9295330880ed74ceaedda236253b4f39a335/extensions/merge-conflict/dist/mergeConflictMain
[2021-06-04 14:09:21.845] [exthost] [info] ExtensionService#_doActivateExtension vscode.testing-editor-contributions {"startup":false,"extensionId":{"value":"vscode.testing-editor-contributions","_lower":"vscode.testing-editor-contributions"},"activationEvent":"onStartupFinished"}
[2021-06-04 14:09:21.845] [exthost] [info] ExtensionService#loadCommonJSModule file:///home/nikolay/.vscode-server/bin/054a9295330880ed74ceaedda236253b4f39a335/extensions/testing-editor-contributions/dist/extension.js
[2021-06-04 14:09:21.845] [exthost] [info] eager extensions activated
[2021-06-04 14:09:21.855] [exthost] [info] ExtensionService#_doActivateExtension ms-vscode.js-debug {"startup":false,"extensionId":{"value":"ms-vscode.js-debug","_lower":"ms-vscode.js-debug"},"activationEvent":"onCommand:extension.js-debug.clearAutoAttachVariables"}
[2021-06-04 14:09:21.855] [exthost] [info] ExtensionService#loadCommonJSModule file:///home/nikolay/.vscode-server/bin/054a9295330880ed74ceaedda236253b4f39a335/extensions/ms-vscode.js-debug/src/extension.js
[2021-06-04 14:12:53.847] [exthost] [info] ExtensionService#_doActivateExtension vscode.html-language-features {"startup":false,"extensionId":{"value":"vscode.html-language-features","_lower":"vscode.html-language-features"},"activationEvent":"onLanguage:html"}
[2021-06-04 14:12:53.847] [exthost] [info] ExtensionService#loadCommonJSModule file:///home/nikolay/.vscode-server/bin/054a9295330880ed74ceaedda236253b4f39a335/extensions/html-language-features/client/dist/node/htmlClientMain
[2021-06-04 14:12:59.260] [exthost] [info] extension host terminating: received terminate message from renderer
[2021-06-04 14:13:00.274] [exthost] [info] exiting with code 0
